{"name": "Edit  Report in Report Page", "status": "broken", "statusDetails": {"message": "selenium.common.exceptions.NoSuchElementException: Message: no such element: Unable to locate element: {\"method\":\"css selector\",\"selector\":\"[id=\"reportName\"]\"}\n  (Session info: chrome=106.0.5249.119)\nStacktrace:\nBacktrace:\n\tOrdinal0 [0x005ADF13+2219795]\n\tOrdinal0 [0x00542841+1779777]\n\tOrdinal0 [0x0045423D+803389]\n\tOrdinal0 [0x00483025+995365]\n\tOrdinal0 [0x004831EB+995819]\n\tOrdinal0 [0x004B0F52+1183570]\n\tOrdinal0 [0x0049E844+1108036]\n\tOrdinal0 [0x004AF192+1175954]\n\tOrdinal0 [0x0049E616+1107478]\n\tOrdinal0 [0x00477F89+950153]\n\tOrdinal0 [0x00478F56+954198]\n\tGetHandleVerifier [0x008A2CB2+3040210]\n\tGetHandleVerifier [0x00892BB4+2974420]\n\tGetHandleVerifier [0x00646A0A+565546]\n\tGetHandleVerifier [0x00645680+560544]\n\tOrdinal0 [0x00549A5C+1808988]\n\tOrdinal0 [0x0054E3A8+1827752]\n\tOrdinal0 [0x0054E495+1827989]\n\tOrdinal0 [0x005580A4+1867940]\n\tBaseThreadInitThunk [0x75B4FA29+25]\n\tRtlGetAppContainerNamedObjectPath [0x77B37BBE+286]\n\tRtlGetAppContainerNamedObjectPath [0x77B37B8E+238]\n\n", "trace": "  File \"C:\\Users\\RaghunathaCH\\AppData\\Local\\Programs\\Python\\Python310\\lib\\site-packages\\behave\\model.py\", line 1329, in run\n    match.run(runner.context)\n  File \"C:\\Users\\RaghunathaCH\\AppData\\Local\\Programs\\Python\\Python310\\lib\\site-packages\\behave\\matchers.py\", line 98, in run\n    self.func(context, *args, **kwargs)\n  File \"features\\steps\\PPTreportpage.py\", line 66, in edit_report\n    context.driver.find_element(By.ID, \"reportName\").clear()\n  File \"C:\\Users\\RaghunathaCH\\AppData\\Local\\Programs\\Python\\Python310\\lib\\site-packages\\selenium\\webdriver\\remote\\webdriver.py\", line 855, in find_element\n    return self.execute(Command.FIND_ELEMENT, {\n  File \"C:\\Users\\RaghunathaCH\\AppData\\Local\\Programs\\Python\\Python310\\lib\\site-packages\\selenium\\webdriver\\remote\\webdriver.py\", line 428, in execute\n    self.error_handler.check_response(response)\n  File \"C:\\Users\\RaghunathaCH\\AppData\\Local\\Programs\\Python\\Python310\\lib\\site-packages\\selenium\\webdriver\\remote\\errorhandler.py\", line 243, in check_response\n    raise exception_class(message, screen, stacktrace)\n"}, "steps": [{"name": "Given I launch chrome browser", "status": "passed", "start": 1666332474302, "stop": 1666332476719}, {"name": "When I open PushPullTouch homepage", "status": "passed", "start": 1666332476719, "stop": 1666332477938}, {"name": "And Enter username \"admin\" and password \"admin\"", "status": "passed", "start": 1666332477938, "stop": 1666332478052}, {"name": "And click on Sign In button", "status": "passed", "start": 1666332478052, "stop": 1666332480486}, {"name": "Then navigate to Report Page", "status": "passed", "start": 1666332480486, "stop": 1666332481623}, {"name": "Then click on checkbox of the report to edit", "status": "passed", "start": 1666332481624, "stop": 1666332482677}, {"name": "Then click on edit btn in report page", "status": "passed", "start": 1666332482677, "stop": 1666332482731}, {"name": "Then Edit Name as \"Report-03\" and Description as \"desc\"", "status": "broken", "statusDetails": {"message": "selenium.common.exceptions.NoSuchElementException: Message: no such element: Unable to locate element: {\"method\":\"css selector\",\"selector\":\"[id=\"reportName\"]\"}\n  (Session info: chrome=106.0.5249.119)\nStacktrace:\nBacktrace:\n\tOrdinal0 [0x005ADF13+2219795]\n\tOrdinal0 [0x00542841+1779777]\n\tOrdinal0 [0x0045423D+803389]\n\tOrdinal0 [0x00483025+995365]\n\tOrdinal0 [0x004831EB+995819]\n\tOrdinal0 [0x004B0F52+1183570]\n\tOrdinal0 [0x0049E844+1108036]\n\tOrdinal0 [0x004AF192+1175954]\n\tOrdinal0 [0x0049E616+1107478]\n\tOrdinal0 [0x00477F89+950153]\n\tOrdinal0 [0x00478F56+954198]\n\tGetHandleVerifier [0x008A2CB2+3040210]\n\tGetHandleVerifier [0x00892BB4+2974420]\n\tGetHandleVerifier [0x00646A0A+565546]\n\tGetHandleVerifier [0x00645680+560544]\n\tOrdinal0 [0x00549A5C+1808988]\n\tOrdinal0 [0x0054E3A8+1827752]\n\tOrdinal0 [0x0054E495+1827989]\n\tOrdinal0 [0x005580A4+1867940]\n\tBaseThreadInitThunk [0x75B4FA29+25]\n\tRtlGetAppContainerNamedObjectPath [0x77B37BBE+286]\n\tRtlGetAppContainerNamedObjectPath [0x77B37B8E+238]\n\n", "trace": "  File \"C:\\Users\\RaghunathaCH\\AppData\\Local\\Programs\\Python\\Python310\\lib\\site-packages\\behave\\model.py\", line 1329, in run\n    match.run(runner.context)\n  File \"C:\\Users\\RaghunathaCH\\AppData\\Local\\Programs\\Python\\Python310\\lib\\site-packages\\behave\\matchers.py\", line 98, in run\n    self.func(context, *args, **kwargs)\n  File \"features\\steps\\PPTreportpage.py\", line 66, in edit_report\n    context.driver.find_element(By.ID, \"reportName\").clear()\n  File \"C:\\Users\\RaghunathaCH\\AppData\\Local\\Programs\\Python\\Python310\\lib\\site-packages\\selenium\\webdriver\\remote\\webdriver.py\", line 855, in find_element\n    return self.execute(Command.FIND_ELEMENT, {\n  File \"C:\\Users\\RaghunathaCH\\AppData\\Local\\Programs\\Python\\Python310\\lib\\site-packages\\selenium\\webdriver\\remote\\webdriver.py\", line 428, in execute\n    self.error_handler.check_response(response)\n  File \"C:\\Users\\RaghunathaCH\\AppData\\Local\\Programs\\Python\\Python310\\lib\\site-packages\\selenium\\webdriver\\remote\\errorhandler.py\", line 243, in check_response\n    raise exception_class(message, screen, stacktrace)\n"}, "start": 1666332482731, "stop": 1666332482902}, {"name": "Then click on save report btn", "status": "skipped", "start": 1666332485039, "stop": 1666332485039}, {"name": "And report should be successfully edited", "status": "skipped", "start": 1666332485039, "stop": 1666332485039}], "start": 1666332474302, "stop": 1666332485039, "uuid": "e6c224c8-32e0-43e7-aeb8-fb9a777e12ea", "historyId": "5bdc0109b6dab6ac98a637a9f75a7056", "fullName": "Push Pull Touch Report Page: Edit  Report in Report Page", "labels": [{"name": "severity", "value": "normal"}, {"name": "feature", "value": "Push Pull Touch Report Page"}, {"name": "framework", "value": "behave"}, {"name": "language", "value": "cpython3"}]}