{"name": "Edit  Xcode in Project", "status": "broken", "statusDetails": {"message": "selenium.common.exceptions.NoSuchElementException: Message: no such element: Unable to locate element: {\"method\":\"xpath\",\"selector\":\"//*[@id='xcodd-73']\"}\n  (Session info: chrome=105.0.5195.127)\nStacktrace:\nBacktrace:\n\tOrdinal0 [0x00C0DF13+2219795]\n\tOrdinal0 [0x00BA2841+1779777]\n\tOrdinal0 [0x00AB423D+803389]\n\tOrdinal0 [0x00AE3025+995365]\n\tOrdinal0 [0x00AE31EB+995819]\n\tOrdinal0 [0x00B10F52+1183570]\n\tOrdinal0 [0x00AFE844+1108036]\n\tOrdinal0 [0x00B0F192+1175954]\n\tOrdinal0 [0x00AFE616+1107478]\n\tOrdinal0 [0x00AD7F89+950153]\n\tOrdinal0 [0x00AD8F56+954198]\n\tGetHandleVerifier [0x00F02CB2+3040210]\n\tGetHandleVerifier [0x00EF2BB4+2974420]\n\tGetHandleVerifier [0x00CA6A0A+565546]\n\tGetHandleVerifier [0x00CA5680+560544]\n\tOrdinal0 [0x00BA9A5C+1808988]\n\tOrdinal0 [0x00BAE3A8+1827752]\n\tOrdinal0 [0x00BAE495+1827989]\n\tOrdinal0 [0x00BB80A4+1867940]\n\tBaseThreadInitThunk [0x75F46739+25]\n\tRtlGetFullPathName_UEx [0x77A38FD2+1218]\n\tRtlGetFullPathName_UEx [0x77A38F9D+1165]\n\n", "trace": "  File \"C:\\Users\\KnoDTec\\AppData\\Local\\Programs\\Python\\Python310\\lib\\site-packages\\behave\\model.py\", line 1329, in run\n    match.run(runner.context)\n  File \"C:\\Users\\KnoDTec\\AppData\\Local\\Programs\\Python\\Python310\\lib\\site-packages\\behave\\matchers.py\", line 98, in run\n    self.func(context, *args, **kwargs)\n  File \"features\\steps\\PPTXcodepage.py\", line 83, in click_xcode\n    context.driver.find_element(By.XPATH, btn_clickxcode_xpath).click()\n  File \"C:\\Users\\KnoDTec\\AppData\\Local\\Programs\\Python\\Python310\\lib\\site-packages\\selenium\\webdriver\\remote\\webdriver.py\", line 857, in find_element\n    return self.execute(Command.FIND_ELEMENT, {\n  File \"C:\\Users\\KnoDTec\\AppData\\Local\\Programs\\Python\\Python310\\lib\\site-packages\\selenium\\webdriver\\remote\\webdriver.py\", line 435, in execute\n    self.error_handler.check_response(response)\n  File \"C:\\Users\\KnoDTec\\AppData\\Local\\Programs\\Python\\Python310\\lib\\site-packages\\selenium\\webdriver\\remote\\errorhandler.py\", line 247, in check_response\n    raise exception_class(message, screen, stacktrace)\n"}, "steps": [{"name": "Given I launch chrome browser", "status": "passed", "start": 1665483281192, "stop": 1665483282520}, {"name": "When I open PushPullTouch homepage", "status": "passed", "start": 1665483282520, "stop": 1665483282787}, {"name": "And Enter username \"admin\" and password \"admin\"", "status": "passed", "start": 1665483282787, "stop": 1665483282903}, {"name": "And click on Sign In button", "status": "passed", "start": 1665483282903, "stop": 1665483283680}, {"name": "Then navigate to Project Page", "status": "passed", "start": 1665483283680, "stop": 1665483285504}, {"name": "Then navigate to Variant page", "status": "passed", "start": 1665483285505, "stop": 1665483285791}, {"name": "Then navigate to Xcode Page", "status": "passed", "start": 1665483285792, "stop": 1665483287838}, {"name": "Then click on xcode which you want to edit", "status": "broken", "statusDetails": {"message": "selenium.common.exceptions.NoSuchElementException: Message: no such element: Unable to locate element: {\"method\":\"xpath\",\"selector\":\"//*[@id='xcodd-73']\"}\n  (Session info: chrome=105.0.5195.127)\nStacktrace:\nBacktrace:\n\tOrdinal0 [0x00C0DF13+2219795]\n\tOrdinal0 [0x00BA2841+1779777]\n\tOrdinal0 [0x00AB423D+803389]\n\tOrdinal0 [0x00AE3025+995365]\n\tOrdinal0 [0x00AE31EB+995819]\n\tOrdinal0 [0x00B10F52+1183570]\n\tOrdinal0 [0x00AFE844+1108036]\n\tOrdinal0 [0x00B0F192+1175954]\n\tOrdinal0 [0x00AFE616+1107478]\n\tOrdinal0 [0x00AD7F89+950153]\n\tOrdinal0 [0x00AD8F56+954198]\n\tGetHandleVerifier [0x00F02CB2+3040210]\n\tGetHandleVerifier [0x00EF2BB4+2974420]\n\tGetHandleVerifier [0x00CA6A0A+565546]\n\tGetHandleVerifier [0x00CA5680+560544]\n\tOrdinal0 [0x00BA9A5C+1808988]\n\tOrdinal0 [0x00BAE3A8+1827752]\n\tOrdinal0 [0x00BAE495+1827989]\n\tOrdinal0 [0x00BB80A4+1867940]\n\tBaseThreadInitThunk [0x75F46739+25]\n\tRtlGetFullPathName_UEx [0x77A38FD2+1218]\n\tRtlGetFullPathName_UEx [0x77A38F9D+1165]\n\n", "trace": "  File \"C:\\Users\\KnoDTec\\AppData\\Local\\Programs\\Python\\Python310\\lib\\site-packages\\behave\\model.py\", line 1329, in run\n    match.run(runner.context)\n  File \"C:\\Users\\KnoDTec\\AppData\\Local\\Programs\\Python\\Python310\\lib\\site-packages\\behave\\matchers.py\", line 98, in run\n    self.func(context, *args, **kwargs)\n  File \"features\\steps\\PPTXcodepage.py\", line 83, in click_xcode\n    context.driver.find_element(By.XPATH, btn_clickxcode_xpath).click()\n  File \"C:\\Users\\KnoDTec\\AppData\\Local\\Programs\\Python\\Python310\\lib\\site-packages\\selenium\\webdriver\\remote\\webdriver.py\", line 857, in find_element\n    return self.execute(Command.FIND_ELEMENT, {\n  File \"C:\\Users\\KnoDTec\\AppData\\Local\\Programs\\Python\\Python310\\lib\\site-packages\\selenium\\webdriver\\remote\\webdriver.py\", line 435, in execute\n    self.error_handler.check_response(response)\n  File \"C:\\Users\\KnoDTec\\AppData\\Local\\Programs\\Python\\Python310\\lib\\site-packages\\selenium\\webdriver\\remote\\errorhandler.py\", line 247, in check_response\n    raise exception_class(message, screen, stacktrace)\n"}, "start": 1665483287838, "stop": 1665483289868}, {"name": "Then click on edit btn of xcode", "status": "skipped", "start": 1665483289869, "stop": 1665483289869}, {"name": "Then Edit xcode name, customer no and description", "status": "skipped", "start": 1665483289869, "stop": 1665483289869}, {"name": "Then Edit module and image", "status": "skipped", "start": 1665483289869, "stop": 1665483289869}, {"name": "Then click on save btn to edit", "status": "skipped", "start": 1665483289869, "stop": 1665483289869}, {"name": "Then Edited xcode should load successfully", "status": "skipped", "start": 1665483289869, "stop": 1665483289869}], "start": 1665483281190, "stop": 1665483289869, "uuid": "f8c1620d-59e8-42e1-ba7e-1299b2caabad", "historyId": "275a810305e837181f26673a1a1ef3c5", "fullName": "Push Pull Touch Xcode Page: Edit  Xcode in Project", "labels": [{"name": "severity", "value": "normal"}, {"name": "feature", "value": "Push Pull Touch Xcode Page"}, {"name": "framework", "value": "behave"}, {"name": "language", "value": "cpython3"}]}