{"name": "Edit Connection List wire associated in Project", "status": "broken", "statusDetails": {"message": "selenium.common.exceptions.NoSuchElementException: Message: no such element: Unable to locate element: {\"method\":\"xpath\",\"selector\":\"//*[@id='conPlbl-50']/span\"}\n  (Session info: chrome=105.0.5195.127)\nStacktrace:\nBacktrace:\n\tOrdinal0 [0x00C0DF13+2219795]\n\tOrdinal0 [0x00BA2841+1779777]\n\tOrdinal0 [0x00AB423D+803389]\n\tOrdinal0 [0x00AE3025+995365]\n\tOrdinal0 [0x00AE31EB+995819]\n\tOrdinal0 [0x00B10F52+1183570]\n\tOrdinal0 [0x00AFE844+1108036]\n\tOrdinal0 [0x00B0F192+1175954]\n\tOrdinal0 [0x00AFE616+1107478]\n\tOrdinal0 [0x00AD7F89+950153]\n\tOrdinal0 [0x00AD8F56+954198]\n\tGetHandleVerifier [0x00F02CB2+3040210]\n\tGetHandleVerifier [0x00EF2BB4+2974420]\n\tGetHandleVerifier [0x00CA6A0A+565546]\n\tGetHandleVerifier [0x00CA5680+560544]\n\tOrdinal0 [0x00BA9A5C+1808988]\n\tOrdinal0 [0x00BAE3A8+1827752]\n\tOrdinal0 [0x00BAE495+1827989]\n\tOrdinal0 [0x00BB80A4+1867940]\n\tBaseThreadInitThunk [0x75F46739+25]\n\tRtlGetFullPathName_UEx [0x77A38FD2+1218]\n\tRtlGetFullPathName_UEx [0x77A38F9D+1165]\n\n", "trace": "  File \"C:\\Users\\KnoDTec\\AppData\\Local\\Programs\\Python\\Python310\\lib\\site-packages\\behave\\model.py\", line 1329, in run\n    match.run(runner.context)\n  File \"C:\\Users\\KnoDTec\\AppData\\Local\\Programs\\Python\\Python310\\lib\\site-packages\\behave\\matchers.py\", line 98, in run\n    self.func(context, *args, **kwargs)\n  File \"features\\steps\\PPTconnectionlist.py\", line 166, in checkmark_list\n    context.driver.find_element(By.XPATH, btn_checkmarklist_xpath).click()\n  File \"C:\\Users\\KnoDTec\\AppData\\Local\\Programs\\Python\\Python310\\lib\\site-packages\\selenium\\webdriver\\remote\\webdriver.py\", line 857, in find_element\n    return self.execute(Command.FIND_ELEMENT, {\n  File \"C:\\Users\\KnoDTec\\AppData\\Local\\Programs\\Python\\Python310\\lib\\site-packages\\selenium\\webdriver\\remote\\webdriver.py\", line 435, in execute\n    self.error_handler.check_response(response)\n  File \"C:\\Users\\KnoDTec\\AppData\\Local\\Programs\\Python\\Python310\\lib\\site-packages\\selenium\\webdriver\\remote\\errorhandler.py\", line 247, in check_response\n    raise exception_class(message, screen, stacktrace)\n"}, "steps": [{"name": "Given I launch chrome browser", "status": "passed", "start": 1665482723422, "stop": 1665482725815}, {"name": "When I open PushPullTouch homepage", "status": "passed", "start": 1665482725816, "stop": 1665482727079}, {"name": "And Enter username \"admin\" and password \"admin\"", "status": "passed", "start": 1665482727080, "stop": 1665482727177}, {"name": "And click on Sign In button", "status": "passed", "start": 1665482727178, "stop": 1665482731201}, {"name": "Then navigate to Project Page", "status": "passed", "start": 1665482731202, "stop": 1665482734584}, {"name": "Then navigate to Variant page", "status": "passed", "start": 1665482734585, "stop": 1665482734866}, {"name": "Then navigate to connection list page", "status": "passed", "start": 1665482734866, "stop": 1665482735912}, {"name": "Then click on checkmark on conlist", "status": "broken", "statusDetails": {"message": "selenium.common.exceptions.NoSuchElementException: Message: no such element: Unable to locate element: {\"method\":\"xpath\",\"selector\":\"//*[@id='conPlbl-50']/span\"}\n  (Session info: chrome=105.0.5195.127)\nStacktrace:\nBacktrace:\n\tOrdinal0 [0x00C0DF13+2219795]\n\tOrdinal0 [0x00BA2841+1779777]\n\tOrdinal0 [0x00AB423D+803389]\n\tOrdinal0 [0x00AE3025+995365]\n\tOrdinal0 [0x00AE31EB+995819]\n\tOrdinal0 [0x00B10F52+1183570]\n\tOrdinal0 [0x00AFE844+1108036]\n\tOrdinal0 [0x00B0F192+1175954]\n\tOrdinal0 [0x00AFE616+1107478]\n\tOrdinal0 [0x00AD7F89+950153]\n\tOrdinal0 [0x00AD8F56+954198]\n\tGetHandleVerifier [0x00F02CB2+3040210]\n\tGetHandleVerifier [0x00EF2BB4+2974420]\n\tGetHandleVerifier [0x00CA6A0A+565546]\n\tGetHandleVerifier [0x00CA5680+560544]\n\tOrdinal0 [0x00BA9A5C+1808988]\n\tOrdinal0 [0x00BAE3A8+1827752]\n\tOrdinal0 [0x00BAE495+1827989]\n\tOrdinal0 [0x00BB80A4+1867940]\n\tBaseThreadInitThunk [0x75F46739+25]\n\tRtlGetFullPathName_UEx [0x77A38FD2+1218]\n\tRtlGetFullPathName_UEx [0x77A38F9D+1165]\n\n", "trace": "  File \"C:\\Users\\KnoDTec\\AppData\\Local\\Programs\\Python\\Python310\\lib\\site-packages\\behave\\model.py\", line 1329, in run\n    match.run(runner.context)\n  File \"C:\\Users\\KnoDTec\\AppData\\Local\\Programs\\Python\\Python310\\lib\\site-packages\\behave\\matchers.py\", line 98, in run\n    self.func(context, *args, **kwargs)\n  File \"features\\steps\\PPTconnectionlist.py\", line 166, in checkmark_list\n    context.driver.find_element(By.XPATH, btn_checkmarklist_xpath).click()\n  File \"C:\\Users\\KnoDTec\\AppData\\Local\\Programs\\Python\\Python310\\lib\\site-packages\\selenium\\webdriver\\remote\\webdriver.py\", line 857, in find_element\n    return self.execute(Command.FIND_ELEMENT, {\n  File \"C:\\Users\\KnoDTec\\AppData\\Local\\Programs\\Python\\Python310\\lib\\site-packages\\selenium\\webdriver\\remote\\webdriver.py\", line 435, in execute\n    self.error_handler.check_response(response)\n  File \"C:\\Users\\KnoDTec\\AppData\\Local\\Programs\\Python\\Python310\\lib\\site-packages\\selenium\\webdriver\\remote\\errorhandler.py\", line 247, in check_response\n    raise exception_class(message, screen, stacktrace)\n"}, "start": 1665482735912, "stop": 1665482736938}, {"name": "Then click on edit btn to create con list", "status": "skipped", "start": 1665482736939, "stop": 1665482736939}, {"name": "Then Enter Wire Id and sequence Id", "status": "skipped", "start": 1665482736939, "stop": 1665482736939}, {"name": "Then click on from xcode", "status": "skipped", "start": 1665482736939, "stop": 1665482736939}, {"name": "Then click on xcode you to select and pin number", "status": "skipped", "start": 1665482736939, "stop": 1665482736939}, {"name": "Then click on save btn to edit con list with wire Id", "status": "skipped", "start": 1665482736939, "stop": 1665482736939}, {"name": "Then Verify that the connection list Wire Id should be edited successfully", "status": "skipped", "start": 1665482736939, "stop": 1665482736939}], "start": 1665482723421, "stop": 1665482736939, "uuid": "7d2d5db2-7a2f-4cd6-ae36-3949dfc756ec", "historyId": "17363f8125d22aa0c136989bfcdad5a7", "fullName": "Push Pull Touch Connection List Page: Edit Connection List wire associated in Project", "labels": [{"name": "severity", "value": "normal"}, {"name": "feature", "value": "Push Pull Touch Connection List Page"}, {"name": "framework", "value": "behave"}, {"name": "language", "value": "cpython3"}]}