{"name": "Delete  Xcode in Project", "status": "broken", "statusDetails": {"message": "selenium.common.exceptions.ElementClickInterceptedException: Message: element click intercepted: Element <a class=\"nav-link varippill\" id=\"pills-device-tab\" data-toggle=\"pill\" href=\"#pills-device\"           role=\"tab\" aria-controls=\"pills-device\" aria-selected=\"false\" onclick=\"Load...s()\">Variant</a> is not clickable at point (701, 67). Other element would receive the click: <div class=\"loader\" style=\"\">...</div>\n  (Session info: chrome=105.0.5195.127)\nStacktrace:\nBacktrace:\n\tOrdinal0 [0x00C0DF13+2219795]\n\tOrdinal0 [0x00BA2841+1779777]\n\tOrdinal0 [0x00AB423D+803389]\n\tOrdinal0 [0x00AE99D4+1022420]\n\tOrdinal0 [0x00AE78C4+1013956]\n\tOrdinal0 [0x00AE54AB+1004715]\n\tOrdinal0 [0x00AE4117+999703]\n\tOrdinal0 [0x00AD9B76+957302]\n\tOrdinal0 [0x00AFE7FC+1107964]\n\tOrdinal0 [0x00AD94B4+955572]\n\tOrdinal0 [0x00AFEA14+1108500]\n\tOrdinal0 [0x00B0F192+1175954]\n\tOrdinal0 [0x00AFE616+1107478]\n\tOrdinal0 [0x00AD7F89+950153]\n\tOrdinal0 [0x00AD8F56+954198]\n\tGetHandleVerifier [0x00F02CB2+3040210]\n\tGetHandleVerifier [0x00EF2BB4+2974420]\n\tGetHandleVerifier [0x00CA6A0A+565546]\n\tGetHandleVerifier [0x00CA5680+560544]\n\tOrdinal0 [0x00BA9A5C+1808988]\n\tOrdinal0 [0x00BAE3A8+1827752]\n\tOrdinal0 [0x00BAE495+1827989]\n\tOrdinal0 [0x00BB80A4+1867940]\n\tBaseThreadInitThunk [0x75F46739+25]\n\tRtlGetFullPathName_UEx [0x77A38FD2+1218]\n\tRtlGetFullPathName_UEx [0x77A38F9D+1165]\n\n", "trace": "  File \"C:\\Users\\KnoDTec\\AppData\\Local\\Programs\\Python\\Python310\\lib\\site-packages\\behave\\model.py\", line 1329, in run\n    match.run(runner.context)\n  File \"C:\\Users\\KnoDTec\\AppData\\Local\\Programs\\Python\\Python310\\lib\\site-packages\\behave\\matchers.py\", line 98, in run\n    self.func(context, *args, **kwargs)\n  File \"features\\steps\\PPTvariantpage.py\", line 15, in variant_page\n    context.driver.find_element(By.LINK_TEXT, btn_variant_linktext).click()\n  File \"C:\\Users\\KnoDTec\\AppData\\Local\\Programs\\Python\\Python310\\lib\\site-packages\\selenium\\webdriver\\remote\\webelement.py\", line 88, in click\n    self._execute(Command.CLICK_ELEMENT)\n  File \"C:\\Users\\KnoDTec\\AppData\\Local\\Programs\\Python\\Python310\\lib\\site-packages\\selenium\\webdriver\\remote\\webelement.py\", line 396, in _execute\n    return self._parent.execute(command, params)\n  File \"C:\\Users\\KnoDTec\\AppData\\Local\\Programs\\Python\\Python310\\lib\\site-packages\\selenium\\webdriver\\remote\\webdriver.py\", line 435, in execute\n    self.error_handler.check_response(response)\n  File \"C:\\Users\\KnoDTec\\AppData\\Local\\Programs\\Python\\Python310\\lib\\site-packages\\selenium\\webdriver\\remote\\errorhandler.py\", line 247, in check_response\n    raise exception_class(message, screen, stacktrace)\n"}, "steps": [{"name": "Given I launch chrome browser", "status": "passed", "start": 1665483297647, "stop": 1665483303757}, {"name": "When I open PushPullTouch homepage", "status": "passed", "start": 1665483303757, "stop": 1665483304047}, {"name": "And Enter username \"admin\" and password \"admin\"", "status": "passed", "start": 1665483304047, "stop": 1665483304164}, {"name": "And click on Sign In button", "status": "passed", "start": 1665483304164, "stop": 1665483304983}, {"name": "Then navigate to Project Page", "status": "passed", "start": 1665483304983, "stop": 1665483307021}, {"name": "Then navigate to Variant page", "status": "broken", "statusDetails": {"message": "selenium.common.exceptions.ElementClickInterceptedException: Message: element click intercepted: Element <a class=\"nav-link varippill\" id=\"pills-device-tab\" data-toggle=\"pill\" href=\"#pills-device\"           role=\"tab\" aria-controls=\"pills-device\" aria-selected=\"false\" onclick=\"Load...s()\">Variant</a> is not clickable at point (701, 67). Other element would receive the click: <div class=\"loader\" style=\"\">...</div>\n  (Session info: chrome=105.0.5195.127)\nStacktrace:\nBacktrace:\n\tOrdinal0 [0x00C0DF13+2219795]\n\tOrdinal0 [0x00BA2841+1779777]\n\tOrdinal0 [0x00AB423D+803389]\n\tOrdinal0 [0x00AE99D4+1022420]\n\tOrdinal0 [0x00AE78C4+1013956]\n\tOrdinal0 [0x00AE54AB+1004715]\n\tOrdinal0 [0x00AE4117+999703]\n\tOrdinal0 [0x00AD9B76+957302]\n\tOrdinal0 [0x00AFE7FC+1107964]\n\tOrdinal0 [0x00AD94B4+955572]\n\tOrdinal0 [0x00AFEA14+1108500]\n\tOrdinal0 [0x00B0F192+1175954]\n\tOrdinal0 [0x00AFE616+1107478]\n\tOrdinal0 [0x00AD7F89+950153]\n\tOrdinal0 [0x00AD8F56+954198]\n\tGetHandleVerifier [0x00F02CB2+3040210]\n\tGetHandleVerifier [0x00EF2BB4+2974420]\n\tGetHandleVerifier [0x00CA6A0A+565546]\n\tGetHandleVerifier [0x00CA5680+560544]\n\tOrdinal0 [0x00BA9A5C+1808988]\n\tOrdinal0 [0x00BAE3A8+1827752]\n\tOrdinal0 [0x00BAE495+1827989]\n\tOrdinal0 [0x00BB80A4+1867940]\n\tBaseThreadInitThunk [0x75F46739+25]\n\tRtlGetFullPathName_UEx [0x77A38FD2+1218]\n\tRtlGetFullPathName_UEx [0x77A38F9D+1165]\n\n", "trace": "  File \"C:\\Users\\KnoDTec\\AppData\\Local\\Programs\\Python\\Python310\\lib\\site-packages\\behave\\model.py\", line 1329, in run\n    match.run(runner.context)\n  File \"C:\\Users\\KnoDTec\\AppData\\Local\\Programs\\Python\\Python310\\lib\\site-packages\\behave\\matchers.py\", line 98, in run\n    self.func(context, *args, **kwargs)\n  File \"features\\steps\\PPTvariantpage.py\", line 15, in variant_page\n    context.driver.find_element(By.LINK_TEXT, btn_variant_linktext).click()\n  File \"C:\\Users\\KnoDTec\\AppData\\Local\\Programs\\Python\\Python310\\lib\\site-packages\\selenium\\webdriver\\remote\\webelement.py\", line 88, in click\n    self._execute(Command.CLICK_ELEMENT)\n  File \"C:\\Users\\KnoDTec\\AppData\\Local\\Programs\\Python\\Python310\\lib\\site-packages\\selenium\\webdriver\\remote\\webelement.py\", line 396, in _execute\n    return self._parent.execute(command, params)\n  File \"C:\\Users\\KnoDTec\\AppData\\Local\\Programs\\Python\\Python310\\lib\\site-packages\\selenium\\webdriver\\remote\\webdriver.py\", line 435, in execute\n    self.error_handler.check_response(response)\n  File \"C:\\Users\\KnoDTec\\AppData\\Local\\Programs\\Python\\Python310\\lib\\site-packages\\selenium\\webdriver\\remote\\errorhandler.py\", line 247, in check_response\n    raise exception_class(message, screen, stacktrace)\n"}, "start": 1665483307021, "stop": 1665483309153}, {"name": "Then navigate to Xcode Page", "status": "skipped", "start": 1665483309155, "stop": 1665483309155}, {"name": "Then click on the xcode you want to delete", "status": "skipped", "start": 1665483309155, "stop": 1665483309155}, {"name": "Then click on delete btn to delete the xcode", "status": "skipped", "start": 1665483309155, "stop": 1665483309155}, {"name": "Then verify that the xcode is deleted successfully", "status": "skipped", "start": 1665483309155, "stop": 1665483309155}], "start": 1665483297646, "stop": 1665483309155, "uuid": "49544cee-c467-4a4a-a575-6c9a1484b8fe", "historyId": "3e572d6fe4b78387dc8295a74c36df50", "fullName": "Push Pull Touch Xcode Page: Delete  Xcode in Project", "labels": [{"name": "severity", "value": "normal"}, {"name": "feature", "value": "Push Pull Touch Xcode Page"}, {"name": "framework", "value": "behave"}, {"name": "language", "value": "cpython3"}]}