{"name": "Verify The general properties of report", "status": "broken", "statusDetails": {"message": "selenium.common.exceptions.NoSuchElementException: Message: no such element: Unable to locate element: {\"method\":\"xpath\",\"selector\":\"//*[@id='tblReport']/tbody/tr[1]/td[1]/label/span\"}\n  (Session info: chrome=105.0.5195.127)\nStacktrace:\nBacktrace:\n\tOrdinal0 [0x00C0DF13+2219795]\n\tOrdinal0 [0x00BA2841+1779777]\n\tOrdinal0 [0x00AB423D+803389]\n\tOrdinal0 [0x00AE3025+995365]\n\tOrdinal0 [0x00AE31EB+995819]\n\tOrdinal0 [0x00B10F52+1183570]\n\tOrdinal0 [0x00AFE844+1108036]\n\tOrdinal0 [0x00B0F192+1175954]\n\tOrdinal0 [0x00AFE616+1107478]\n\tOrdinal0 [0x00AD7F89+950153]\n\tOrdinal0 [0x00AD8F56+954198]\n\tGetHandleVerifier [0x00F02CB2+3040210]\n\tGetHandleVerifier [0x00EF2BB4+2974420]\n\tGetHandleVerifier [0x00CA6A0A+565546]\n\tGetHandleVerifier [0x00CA5680+560544]\n\tOrdinal0 [0x00BA9A5C+1808988]\n\tOrdinal0 [0x00BAE3A8+1827752]\n\tOrdinal0 [0x00BAE495+1827989]\n\tOrdinal0 [0x00BB80A4+1867940]\n\tBaseThreadInitThunk [0x75F46739+25]\n\tRtlGetFullPathName_UEx [0x77A38FD2+1218]\n\tRtlGetFullPathName_UEx [0x77A38F9D+1165]\n\n", "trace": "  File \"C:\\Users\\KnoDTec\\AppData\\Local\\Programs\\Python\\Python310\\lib\\site-packages\\behave\\model.py\", line 1329, in run\n    match.run(runner.context)\n  File \"C:\\Users\\KnoDTec\\AppData\\Local\\Programs\\Python\\Python310\\lib\\site-packages\\behave\\matchers.py\", line 98, in run\n    self.func(context, *args, **kwargs)\n  File \"features\\steps\\PPTreportpage.py\", line 100, in checkbox_1\n    context.driver.find_element(By.XPATH, btn_heckbox01_xpath).click()\n  File \"C:\\Users\\KnoDTec\\AppData\\Local\\Programs\\Python\\Python310\\lib\\site-packages\\selenium\\webdriver\\remote\\webdriver.py\", line 857, in find_element\n    return self.execute(Command.FIND_ELEMENT, {\n  File \"C:\\Users\\KnoDTec\\AppData\\Local\\Programs\\Python\\Python310\\lib\\site-packages\\selenium\\webdriver\\remote\\webdriver.py\", line 435, in execute\n    self.error_handler.check_response(response)\n  File \"C:\\Users\\KnoDTec\\AppData\\Local\\Programs\\Python\\Python310\\lib\\site-packages\\selenium\\webdriver\\remote\\errorhandler.py\", line 247, in check_response\n    raise exception_class(message, screen, stacktrace)\n"}, "steps": [{"name": "Given I launch chrome browser", "status": "passed", "start": 1665482953652, "stop": 1665482954804}, {"name": "When I open PushPullTouch homepage", "status": "passed", "start": 1665482954804, "stop": 1665482955119}, {"name": "And Enter username \"admin\" and password \"admin\"", "status": "passed", "start": 1665482955119, "stop": 1665482955236}, {"name": "And click on Sign In button", "status": "passed", "start": 1665482955236, "stop": 1665482956132}, {"name": "Then navigate to Report Page", "status": "passed", "start": 1665482956134, "stop": 1665482957286}, {"name": "Then click on checkbox for general properties", "status": "broken", "statusDetails": {"message": "selenium.common.exceptions.NoSuchElementException: Message: no such element: Unable to locate element: {\"method\":\"xpath\",\"selector\":\"//*[@id='tblReport']/tbody/tr[1]/td[1]/label/span\"}\n  (Session info: chrome=105.0.5195.127)\nStacktrace:\nBacktrace:\n\tOrdinal0 [0x00C0DF13+2219795]\n\tOrdinal0 [0x00BA2841+1779777]\n\tOrdinal0 [0x00AB423D+803389]\n\tOrdinal0 [0x00AE3025+995365]\n\tOrdinal0 [0x00AE31EB+995819]\n\tOrdinal0 [0x00B10F52+1183570]\n\tOrdinal0 [0x00AFE844+1108036]\n\tOrdinal0 [0x00B0F192+1175954]\n\tOrdinal0 [0x00AFE616+1107478]\n\tOrdinal0 [0x00AD7F89+950153]\n\tOrdinal0 [0x00AD8F56+954198]\n\tGetHandleVerifier [0x00F02CB2+3040210]\n\tGetHandleVerifier [0x00EF2BB4+2974420]\n\tGetHandleVerifier [0x00CA6A0A+565546]\n\tGetHandleVerifier [0x00CA5680+560544]\n\tOrdinal0 [0x00BA9A5C+1808988]\n\tOrdinal0 [0x00BAE3A8+1827752]\n\tOrdinal0 [0x00BAE495+1827989]\n\tOrdinal0 [0x00BB80A4+1867940]\n\tBaseThreadInitThunk [0x75F46739+25]\n\tRtlGetFullPathName_UEx [0x77A38FD2+1218]\n\tRtlGetFullPathName_UEx [0x77A38F9D+1165]\n\n", "trace": "  File \"C:\\Users\\KnoDTec\\AppData\\Local\\Programs\\Python\\Python310\\lib\\site-packages\\behave\\model.py\", line 1329, in run\n    match.run(runner.context)\n  File \"C:\\Users\\KnoDTec\\AppData\\Local\\Programs\\Python\\Python310\\lib\\site-packages\\behave\\matchers.py\", line 98, in run\n    self.func(context, *args, **kwargs)\n  File \"features\\steps\\PPTreportpage.py\", line 100, in checkbox_1\n    context.driver.find_element(By.XPATH, btn_heckbox01_xpath).click()\n  File \"C:\\Users\\KnoDTec\\AppData\\Local\\Programs\\Python\\Python310\\lib\\site-packages\\selenium\\webdriver\\remote\\webdriver.py\", line 857, in find_element\n    return self.execute(Command.FIND_ELEMENT, {\n  File \"C:\\Users\\KnoDTec\\AppData\\Local\\Programs\\Python\\Python310\\lib\\site-packages\\selenium\\webdriver\\remote\\webdriver.py\", line 435, in execute\n    self.error_handler.check_response(response)\n  File \"C:\\Users\\KnoDTec\\AppData\\Local\\Programs\\Python\\Python310\\lib\\site-packages\\selenium\\webdriver\\remote\\errorhandler.py\", line 247, in check_response\n    raise exception_class(message, screen, stacktrace)\n"}, "start": 1665482957286, "stop": 1665482958334}, {"name": "Then Report General Properties should be displayed", "status": "skipped", "start": 1665482958335, "stop": 1665482958336}], "start": 1665482953652, "stop": 1665482958336, "uuid": "da8b837d-107f-4365-bd10-9a90996df40e", "historyId": "877956771b5dbbe286b88830f2dbccbd", "fullName": "Push Pull Touch Report Page: Verify The general properties of report", "labels": [{"name": "severity", "value": "normal"}, {"name": "feature", "value": "Push Pull Touch Report Page"}, {"name": "framework", "value": "behave"}, {"name": "language", "value": "cpython3"}]}