{"name": "Edit wire color scheme in Project", "status": "broken", "statusDetails": {"message": "selenium.common.exceptions.ElementClickInterceptedException: Message: element click intercepted: Element <input type=\"checkbox\" id=\"chkwirecolor-12\" class=\"saveasfield\" onclick=\"SetWireColorSelectedId(12)\"> is not clickable at point (291, 559). Other element would receive the click: <div class=\"container-fluid foot_logo\">...</div>\n  (Session info: chrome=105.0.5195.127)\nStacktrace:\nBacktrace:\n\tOrdinal0 [0x00C0DF13+2219795]\n\tOrdinal0 [0x00BA2841+1779777]\n\tOrdinal0 [0x00AB423D+803389]\n\tOrdinal0 [0x00AE99D4+1022420]\n\tOrdinal0 [0x00AE78C4+1013956]\n\tOrdinal0 [0x00AE54AB+1004715]\n\tOrdinal0 [0x00AE4117+999703]\n\tOrdinal0 [0x00AD9B76+957302]\n\tOrdinal0 [0x00AFE7FC+1107964]\n\tOrdinal0 [0x00AD94B4+955572]\n\tOrdinal0 [0x00AFEA14+1108500]\n\tOrdinal0 [0x00B0F192+1175954]\n\tOrdinal0 [0x00AFE616+1107478]\n\tOrdinal0 [0x00AD7F89+950153]\n\tOrdinal0 [0x00AD8F56+954198]\n\tGetHandleVerifier [0x00F02CB2+3040210]\n\tGetHandleVerifier [0x00EF2BB4+2974420]\n\tGetHandleVerifier [0x00CA6A0A+565546]\n\tGetHandleVerifier [0x00CA5680+560544]\n\tOrdinal0 [0x00BA9A5C+1808988]\n\tOrdinal0 [0x00BAE3A8+1827752]\n\tOrdinal0 [0x00BAE495+1827989]\n\tOrdinal0 [0x00BB80A4+1867940]\n\tBaseThreadInitThunk [0x75F46739+25]\n\tRtlGetFullPathName_UEx [0x77A38FD2+1218]\n\tRtlGetFullPathName_UEx [0x77A38F9D+1165]\n\n", "trace": "  File \"C:\\Users\\KnoDTec\\AppData\\Local\\Programs\\Python\\Python310\\lib\\site-packages\\behave\\model.py\", line 1329, in run\n    match.run(runner.context)\n  File \"C:\\Users\\KnoDTec\\AppData\\Local\\Programs\\Python\\Python310\\lib\\site-packages\\behave\\matchers.py\", line 98, in run\n    self.func(context, *args, **kwargs)\n  File \"features\\steps\\PPTWirepage.py\", line 279, in edit_colorscheme\n    context.driver.find_element(By.XPATH, btn_checkbox01colorscheme_xpath).click()\n  File \"C:\\Users\\KnoDTec\\AppData\\Local\\Programs\\Python\\Python310\\lib\\site-packages\\selenium\\webdriver\\remote\\webelement.py\", line 88, in click\n    self._execute(Command.CLICK_ELEMENT)\n  File \"C:\\Users\\KnoDTec\\AppData\\Local\\Programs\\Python\\Python310\\lib\\site-packages\\selenium\\webdriver\\remote\\webelement.py\", line 396, in _execute\n    return self._parent.execute(command, params)\n  File \"C:\\Users\\KnoDTec\\AppData\\Local\\Programs\\Python\\Python310\\lib\\site-packages\\selenium\\webdriver\\remote\\webdriver.py\", line 435, in execute\n    self.error_handler.check_response(response)\n  File \"C:\\Users\\KnoDTec\\AppData\\Local\\Programs\\Python\\Python310\\lib\\site-packages\\selenium\\webdriver\\remote\\errorhandler.py\", line 247, in check_response\n    raise exception_class(message, screen, stacktrace)\n"}, "steps": [{"name": "Given I launch chrome browser", "status": "passed", "start": 1665483164502, "stop": 1665483167339}, {"name": "When I open PushPullTouch homepage", "status": "passed", "start": 1665483167339, "stop": 1665483168239}, {"name": "And Enter username \"admin\" and password \"admin\"", "status": "passed", "start": 1665483168239, "stop": 1665483168345}, {"name": "And click on Sign In button", "status": "passed", "start": 1665483168345, "stop": 1665483169914}, {"name": "Then navigate to Project Page", "status": "passed", "start": 1665483169914, "stop": 1665483177031}, {"name": "Then navigate to Variant page", "status": "passed", "start": 1665483177032, "stop": 1665483177265}, {"name": "Then navigate to wire page", "status": "passed", "start": 1665483177265, "stop": 1665483178332}, {"name": "Then click on checkbox to edit the color scheme", "status": "broken", "statusDetails": {"message": "selenium.common.exceptions.ElementClickInterceptedException: Message: element click intercepted: Element <input type=\"checkbox\" id=\"chkwirecolor-12\" class=\"saveasfield\" onclick=\"SetWireColorSelectedId(12)\"> is not clickable at point (291, 559). Other element would receive the click: <div class=\"container-fluid foot_logo\">...</div>\n  (Session info: chrome=105.0.5195.127)\nStacktrace:\nBacktrace:\n\tOrdinal0 [0x00C0DF13+2219795]\n\tOrdinal0 [0x00BA2841+1779777]\n\tOrdinal0 [0x00AB423D+803389]\n\tOrdinal0 [0x00AE99D4+1022420]\n\tOrdinal0 [0x00AE78C4+1013956]\n\tOrdinal0 [0x00AE54AB+1004715]\n\tOrdinal0 [0x00AE4117+999703]\n\tOrdinal0 [0x00AD9B76+957302]\n\tOrdinal0 [0x00AFE7FC+1107964]\n\tOrdinal0 [0x00AD94B4+955572]\n\tOrdinal0 [0x00AFEA14+1108500]\n\tOrdinal0 [0x00B0F192+1175954]\n\tOrdinal0 [0x00AFE616+1107478]\n\tOrdinal0 [0x00AD7F89+950153]\n\tOrdinal0 [0x00AD8F56+954198]\n\tGetHandleVerifier [0x00F02CB2+3040210]\n\tGetHandleVerifier [0x00EF2BB4+2974420]\n\tGetHandleVerifier [0x00CA6A0A+565546]\n\tGetHandleVerifier [0x00CA5680+560544]\n\tOrdinal0 [0x00BA9A5C+1808988]\n\tOrdinal0 [0x00BAE3A8+1827752]\n\tOrdinal0 [0x00BAE495+1827989]\n\tOrdinal0 [0x00BB80A4+1867940]\n\tBaseThreadInitThunk [0x75F46739+25]\n\tRtlGetFullPathName_UEx [0x77A38FD2+1218]\n\tRtlGetFullPathName_UEx [0x77A38F9D+1165]\n\n", "trace": "  File \"C:\\Users\\KnoDTec\\AppData\\Local\\Programs\\Python\\Python310\\lib\\site-packages\\behave\\model.py\", line 1329, in run\n    match.run(runner.context)\n  File \"C:\\Users\\KnoDTec\\AppData\\Local\\Programs\\Python\\Python310\\lib\\site-packages\\behave\\matchers.py\", line 98, in run\n    self.func(context, *args, **kwargs)\n  File \"features\\steps\\PPTWirepage.py\", line 279, in edit_colorscheme\n    context.driver.find_element(By.XPATH, btn_checkbox01colorscheme_xpath).click()\n  File \"C:\\Users\\KnoDTec\\AppData\\Local\\Programs\\Python\\Python310\\lib\\site-packages\\selenium\\webdriver\\remote\\webelement.py\", line 88, in click\n    self._execute(Command.CLICK_ELEMENT)\n  File \"C:\\Users\\KnoDTec\\AppData\\Local\\Programs\\Python\\Python310\\lib\\site-packages\\selenium\\webdriver\\remote\\webelement.py\", line 396, in _execute\n    return self._parent.execute(command, params)\n  File \"C:\\Users\\KnoDTec\\AppData\\Local\\Programs\\Python\\Python310\\lib\\site-packages\\selenium\\webdriver\\remote\\webdriver.py\", line 435, in execute\n    self.error_handler.check_response(response)\n  File \"C:\\Users\\KnoDTec\\AppData\\Local\\Programs\\Python\\Python310\\lib\\site-packages\\selenium\\webdriver\\remote\\errorhandler.py\", line 247, in check_response\n    raise exception_class(message, screen, stacktrace)\n"}, "start": 1665483178332, "stop": 1665483180549}, {"name": "Then click on edit btn to edit the color scheme", "status": "skipped", "start": 1665483180552, "stop": 1665483180552}, {"name": "Then Edit the name and abbreviation of the color", "status": "skipped", "start": 1665483180552, "stop": 1665483180552}, {"name": "Then select the color to edit", "status": "skipped", "start": 1665483180552, "stop": 1665483180552}, {"name": "Then Verify that the color is edited successfully", "status": "skipped", "start": 1665483180552, "stop": 1665483180552}], "start": 1665483164502, "stop": 1665483180552, "uuid": "154eb2f8-88b8-483f-9daa-dd97c03f443f", "historyId": "1ae56735311f6e1d04f1f304079f254f", "fullName": "Push Pull Touch Wire Page: Edit wire color scheme in Project", "labels": [{"name": "severity", "value": "normal"}, {"name": "feature", "value": "Push Pull Touch Wire Page"}, {"name": "framework", "value": "behave"}, {"name": "language", "value": "cpython3"}]}