{"name": "Copy  Xcode in Project", "status": "broken", "statusDetails": {"message": "selenium.common.exceptions.ElementNotInteractableException: Message: element not interactable\n  (Session info: chrome=105.0.5195.127)\nStacktrace:\nBacktrace:\n\tOrdinal0 [0x00C0DF13+2219795]\n\tOrdinal0 [0x00BA2841+1779777]\n\tOrdinal0 [0x00AB4100+803072]\n\tOrdinal0 [0x00AE3FB6+999350]\n\tOrdinal0 [0x00AD9B76+957302]\n\tOrdinal0 [0x00AFE7FC+1107964]\n\tOrdinal0 [0x00AD94B4+955572]\n\tOrdinal0 [0x00AFEA14+1108500]\n\tOrdinal0 [0x00B0F192+1175954]\n\tOrdinal0 [0x00AFE616+1107478]\n\tOrdinal0 [0x00AD7F89+950153]\n\tOrdinal0 [0x00AD8F56+954198]\n\tGetHandleVerifier [0x00F02CB2+3040210]\n\tGetHandleVerifier [0x00EF2BB4+2974420]\n\tGetHandleVerifier [0x00CA6A0A+565546]\n\tGetHandleVerifier [0x00CA5680+560544]\n\tOrdinal0 [0x00BA9A5C+1808988]\n\tOrdinal0 [0x00BAE3A8+1827752]\n\tOrdinal0 [0x00BAE495+1827989]\n\tOrdinal0 [0x00BB80A4+1867940]\n\tBaseThreadInitThunk [0x75F46739+25]\n\tRtlGetFullPathName_UEx [0x77A38FD2+1218]\n\tRtlGetFullPathName_UEx [0x77A38F9D+1165]\n\n", "trace": "  File \"C:\\Users\\KnoDTec\\AppData\\Local\\Programs\\Python\\Python310\\lib\\site-packages\\behave\\model.py\", line 1329, in run\n    match.run(runner.context)\n  File \"C:\\Users\\KnoDTec\\AppData\\Local\\Programs\\Python\\Python310\\lib\\site-packages\\behave\\matchers.py\", line 98, in run\n    self.func(context, *args, **kwargs)\n  File \"features\\steps\\PPTXcodepage.py\", line 131, in copy_btn\n    context.driver.find_element(By.XPATH, btn_copyxcode_xpath).click()\n  File \"C:\\Users\\KnoDTec\\AppData\\Local\\Programs\\Python\\Python310\\lib\\site-packages\\selenium\\webdriver\\remote\\webelement.py\", line 88, in click\n    self._execute(Command.CLICK_ELEMENT)\n  File \"C:\\Users\\KnoDTec\\AppData\\Local\\Programs\\Python\\Python310\\lib\\site-packages\\selenium\\webdriver\\remote\\webelement.py\", line 396, in _execute\n    return self._parent.execute(command, params)\n  File \"C:\\Users\\KnoDTec\\AppData\\Local\\Programs\\Python\\Python310\\lib\\site-packages\\selenium\\webdriver\\remote\\webdriver.py\", line 435, in execute\n    self.error_handler.check_response(response)\n  File \"C:\\Users\\KnoDTec\\AppData\\Local\\Programs\\Python\\Python310\\lib\\site-packages\\selenium\\webdriver\\remote\\errorhandler.py\", line 247, in check_response\n    raise exception_class(message, screen, stacktrace)\n"}, "steps": [{"name": "Given I launch chrome browser", "status": "passed", "start": 1665483289874, "stop": 1665483291002}, {"name": "When I open PushPullTouch homepage", "status": "passed", "start": 1665483291002, "stop": 1665483291197}, {"name": "And Enter username \"admin\" and password \"admin\"", "status": "passed", "start": 1665483291197, "stop": 1665483291299}, {"name": "And click on Sign In button", "status": "passed", "start": 1665483291299, "stop": 1665483292121}, {"name": "Then navigate to Project Page", "status": "passed", "start": 1665483292121, "stop": 1665483293932}, {"name": "Then navigate to Variant page", "status": "passed", "start": 1665483293932, "stop": 1665483294551}, {"name": "Then navigate to Xcode Page", "status": "passed", "start": 1665483294552, "stop": 1665483296612}, {"name": "Then click on copy btn", "status": "broken", "statusDetails": {"message": "selenium.common.exceptions.ElementNotInteractableException: Message: element not interactable\n  (Session info: chrome=105.0.5195.127)\nStacktrace:\nBacktrace:\n\tOrdinal0 [0x00C0DF13+2219795]\n\tOrdinal0 [0x00BA2841+1779777]\n\tOrdinal0 [0x00AB4100+803072]\n\tOrdinal0 [0x00AE3FB6+999350]\n\tOrdinal0 [0x00AD9B76+957302]\n\tOrdinal0 [0x00AFE7FC+1107964]\n\tOrdinal0 [0x00AD94B4+955572]\n\tOrdinal0 [0x00AFEA14+1108500]\n\tOrdinal0 [0x00B0F192+1175954]\n\tOrdinal0 [0x00AFE616+1107478]\n\tOrdinal0 [0x00AD7F89+950153]\n\tOrdinal0 [0x00AD8F56+954198]\n\tGetHandleVerifier [0x00F02CB2+3040210]\n\tGetHandleVerifier [0x00EF2BB4+2974420]\n\tGetHandleVerifier [0x00CA6A0A+565546]\n\tGetHandleVerifier [0x00CA5680+560544]\n\tOrdinal0 [0x00BA9A5C+1808988]\n\tOrdinal0 [0x00BAE3A8+1827752]\n\tOrdinal0 [0x00BAE495+1827989]\n\tOrdinal0 [0x00BB80A4+1867940]\n\tBaseThreadInitThunk [0x75F46739+25]\n\tRtlGetFullPathName_UEx [0x77A38FD2+1218]\n\tRtlGetFullPathName_UEx [0x77A38F9D+1165]\n\n", "trace": "  File \"C:\\Users\\KnoDTec\\AppData\\Local\\Programs\\Python\\Python310\\lib\\site-packages\\behave\\model.py\", line 1329, in run\n    match.run(runner.context)\n  File \"C:\\Users\\KnoDTec\\AppData\\Local\\Programs\\Python\\Python310\\lib\\site-packages\\behave\\matchers.py\", line 98, in run\n    self.func(context, *args, **kwargs)\n  File \"features\\steps\\PPTXcodepage.py\", line 131, in copy_btn\n    context.driver.find_element(By.XPATH, btn_copyxcode_xpath).click()\n  File \"C:\\Users\\KnoDTec\\AppData\\Local\\Programs\\Python\\Python310\\lib\\site-packages\\selenium\\webdriver\\remote\\webelement.py\", line 88, in click\n    self._execute(Command.CLICK_ELEMENT)\n  File \"C:\\Users\\KnoDTec\\AppData\\Local\\Programs\\Python\\Python310\\lib\\site-packages\\selenium\\webdriver\\remote\\webelement.py\", line 396, in _execute\n    return self._parent.execute(command, params)\n  File \"C:\\Users\\KnoDTec\\AppData\\Local\\Programs\\Python\\Python310\\lib\\site-packages\\selenium\\webdriver\\remote\\webdriver.py\", line 435, in execute\n    self.error_handler.check_response(response)\n  File \"C:\\Users\\KnoDTec\\AppData\\Local\\Programs\\Python\\Python310\\lib\\site-packages\\selenium\\webdriver\\remote\\errorhandler.py\", line 247, in check_response\n    raise exception_class(message, screen, stacktrace)\n"}, "start": 1665483296613, "stop": 1665483297642}, {"name": "Then Select the xcode you want to copy", "status": "skipped", "start": 1665483297644, "stop": 1665483297644}, {"name": "Then Enter xcode and customer no and description", "status": "skipped", "start": 1665483297644, "stop": 1665483297644}, {"name": "Then Click on save btn to copy the xcode", "status": "skipped", "start": 1665483297644, "stop": 1665483297644}, {"name": "Then Xcode should be successfully copied", "status": "skipped", "start": 1665483297644, "stop": 1665483297644}], "start": 1665483289873, "stop": 1665483297644, "uuid": "459fecd6-d38a-444d-bdb9-856bd83eede6", "historyId": "da69d07cfd0754b32ef20609b51632bc", "fullName": "Push Pull Touch Xcode Page: Copy  Xcode in Project", "labels": [{"name": "severity", "value": "normal"}, {"name": "feature", "value": "Push Pull Touch Xcode Page"}, {"name": "framework", "value": "behave"}, {"name": "language", "value": "cpython3"}]}